# JRE version: Java(TM) SE Runtime Environment (8.0_66-b18) (build 1.8.0_66-b18)
# Java VM: Java HotSpot(TM) 64-Bit Server VM (25.66-b18 mixed mode windows-amd64 compressed oops)
Heap:
 PSYoungGen      total 57344K, used 33382K [0x0000000780580000, 0x0000000784580000, 0x00000007c0000000)
  eden space 49152K, 51% used [0x0000000780580000,0x0000000781e1a5f8,0x0000000783580000)
  from space 8192K, 99% used [0x0000000783580000,0x0000000783d7f520,0x0000000783d80000)
  to   space 8192K, 0% used [0x0000000783d80000,0x0000000783d80000,0x0000000784580000)
 ParOldGen       total 131072K, used 7259K [0x0000000701000000, 0x0000000709000000, 0x0000000780580000)
  object space 131072K, 5% used [0x0000000701000000,0x0000000701716c78,0x0000000709000000)
 Metaspace       used 19543K, capacity 19719K, committed 19968K, reserved 1067008K
  class space    used 1919K, capacity 1979K, committed 2048K, reserved 1048576K
GC Heap History (6 events):
Event: 2.307 GC heap before
{Heap before GC invocations=1 (full 0):
 PSYoungGen      total 57344K, used 49152K [0x0000000780580000, 0x0000000784580000, 0x00000007c0000000)
  eden space 49152K, 100% used [0x0000000780580000,0x0000000783580000,0x0000000783580000)
  from space 8192K, 0% used [0x0000000783d80000,0x0000000783d80000,0x0000000784580000)
  to   space 8192K, 0% used [0x0000000783580000,0x0000000783580000,0x0000000783d80000)
 ParOldGen       total 131072K, used 0K [0x0000000701000000, 0x0000000709000000, 0x0000000780580000)
  object space 131072K, 0% used [0x0000000701000000,0x0000000701000000,0x0000000709000000)
 Metaspace       used 15353K, capacity 15587K, committed 15744K, reserved 1062912K
  class space    used 1528K, capacity 1591K, committed 1664K, reserved 1048576K
Event: 2.325 GC heap after
Heap after GC invocations=1 (full 0):
 PSYoungGen      total 57344K, used 6258K [0x0000000780580000, 0x0000000784580000, 0x00000007c0000000)
  eden space 49152K, 0% used [0x0000000780580000,0x0000000780580000,0x0000000783580000)
  from space 8192K, 76% used [0x0000000783580000,0x0000000783b9ca78,0x0000000783d80000)
  to   space 8192K, 0% used [0x0000000783d80000,0x0000000783d80000,0x0000000784580000)
 ParOldGen       total 131072K, used 8K [0x0000000701000000, 0x0000000709000000, 0x0000000780580000)
  object space 131072K, 0% used [0x0000000701000000,0x0000000701002000,0x0000000709000000)
 Metaspace       used 15353K, capacity 15587K, committed 15744K, reserved 1062912K
  class space    used 1528K, capacity 1591K, committed 1664K, reserved 1048576K
}
Event: 3.683 GC heap before
{Heap before GC invocations=2 (full 0):
 PSYoungGen      total 57344K, used 55246K [0x0000000780580000, 0x0000000784580000, 0x00000007c0000000)
  eden space 49152K, 99% used [0x0000000780580000,0x0000000783556e20,0x0000000783580000)
  from space 8192K, 76% used [0x0000000783580000,0x0000000783b9ca78,0x0000000783d80000)
  to   space 8192K, 0% used [0x0000000783d80000,0x0000000783d80000,0x0000000784580000)
 ParOldGen       total 131072K, used 8K [0x0000000701000000, 0x0000000709000000, 0x0000000780580000)
  object space 131072K, 0% used [0x0000000701000000,0x0000000701002000,0x0000000709000000)
 Metaspace       used 18978K, capacity 19135K, committed 19456K, reserved 1067008K
  class space    used 1917K, capacity 1979K, committed 2048K, reserved 1048576K
Event: 3.702 GC heap after
Heap after GC invocations=2 (full 0):
 PSYoungGen      total 57344K, used 8189K [0x0000000780580000, 0x0000000787580000, 0x00000007c0000000)
  eden space 49152K, 0% used [0x0000000780580000,0x0000000780580000,0x0000000783580000)
  from space 8192K, 99% used [0x0000000783d80000,0x000000078457f530,0x0000000784580000)
  to   space 8192K, 0% used [0x0000000783580000,0x0000000783580000,0x0000000783d80000)
 ParOldGen       total 131072K, used 6715K [0x0000000701000000, 0x0000000709000000, 0x0000000780580000)
  object space 131072K, 5% used [0x0000000701000000,0x000000070168ec68,0x0000000709000000)
 Metaspace       used 18978K, capacity 19135K, committed 19456K, reserved 1067008K
  class space    used 1917K, capacity 1979K, committed 2048K, reserved 1048576K
}
Event: 24.541 GC heap before
{Heap before GC invocations=3 (full 0):
 PSYoungGen      total 57344K, used 57341K [0x0000000780580000, 0x0000000787580000, 0x00000007c0000000)
  eden space 49152K, 100% used [0x0000000780580000,0x0000000783580000,0x0000000783580000)
  from space 8192K, 99% used [0x0000000783d80000,0x000000078457f530,0x0000000784580000)
  to   space 8192K, 0% used [0x0000000783580000,0x0000000783580000,0x0000000783d80000)
 ParOldGen       total 131072K, used 6715K [0x0000000701000000, 0x0000000709000000, 0x0000000780580000)
  object space 131072K, 5% used [0x0000000701000000,0x000000070168ec68,0x0000000709000000)
 Metaspace       used 19538K, capacity 19719K, committed 19968K, reserved 1067008K
  class space    used 1917K, capacity 1979K, committed 2048K, reserved 1048576K
Event: 24.556 GC heap after
Heap after GC invocations=3 (full 0):
 PSYoungGen      total 57344K, used 8189K [0x0000000780580000, 0x0000000784580000, 0x00000007c0000000)
  eden space 49152K, 0% used [0x0000000780580000,0x0000000780580000,0x0000000783580000)
  from space 8192K, 99% used [0x0000000783580000,0x0000000783d7f520,0x0000000783d80000)
  to   space 8192K, 0% used [0x0000000783d80000,0x0000000783d80000,0x0000000784580000)
 ParOldGen       total 131072K, used 7259K [0x0000000701000000, 0x0000000709000000, 0x0000000780580000)
  object space 131072K, 5% used [0x0000000701000000,0x0000000701716c78,0x0000000709000000)
 Metaspace       used 19538K, capacity 19719K, committed 19968K, reserved 1067008K
  class space    used 1917K, capacity 1979K, committed 2048K, reserved 1048576K
}

