# JRE version: Java(TM) SE Runtime Environment (8.0_66-b18) (build 1.8.0_66-b18)
# Java VM: Java HotSpot(TM) 64-Bit Server VM (25.66-b18 mixed mode windows-amd64 compressed oops)
Heap:
 PSYoungGen      total 56320K, used 32392K [0x0000000780580000, 0x0000000785280000, 0x00000007c0000000)
  eden space 48128K, 50% used [0x0000000780580000,0x0000000781d25760,0x0000000783480000)
  from space 8192K, 99% used [0x0000000783580000,0x0000000783d7cb60,0x0000000783d80000)
  to   space 15360K, 0% used [0x0000000784380000,0x0000000784380000,0x0000000785280000)
 ParOldGen       total 131072K, used 8527K [0x0000000701000000, 0x0000000709000000, 0x0000000780580000)
  object space 131072K, 6% used [0x0000000701000000,0x0000000701853d18,0x0000000709000000)
 Metaspace       used 19545K, capacity 19707K, committed 19968K, reserved 1067008K
  class space    used 1903K, capacity 1977K, committed 2048K, reserved 1048576K
GC Heap History (10 events):
Event: 2.392 GC heap before
{Heap before GC invocations=1 (full 0):
 PSYoungGen      total 57344K, used 49152K [0x0000000780580000, 0x0000000784580000, 0x00000007c0000000)
  eden space 49152K, 100% used [0x0000000780580000,0x0000000783580000,0x0000000783580000)
  from space 8192K, 0% used [0x0000000783d80000,0x0000000783d80000,0x0000000784580000)
  to   space 8192K, 0% used [0x0000000783580000,0x0000000783580000,0x0000000783d80000)
 ParOldGen       total 131072K, used 0K [0x0000000701000000, 0x0000000709000000, 0x0000000780580000)
  object space 131072K, 0% used [0x0000000701000000,0x0000000701000000,0x0000000709000000)
 Metaspace       used 15342K, capacity 15523K, committed 15744K, reserved 1062912K
  class space    used 1528K, capacity 1591K, committed 1664K, reserved 1048576K
Event: 2.409 GC heap after
Heap after GC invocations=1 (full 0):
 PSYoungGen      total 57344K, used 6246K [0x0000000780580000, 0x0000000784580000, 0x00000007c0000000)
  eden space 49152K, 0% used [0x0000000780580000,0x0000000780580000,0x0000000783580000)
  from space 8192K, 76% used [0x0000000783580000,0x0000000783b99968,0x0000000783d80000)
  to   space 8192K, 0% used [0x0000000783d80000,0x0000000783d80000,0x0000000784580000)
 ParOldGen       total 131072K, used 8K [0x0000000701000000, 0x0000000709000000, 0x0000000780580000)
  object space 131072K, 0% used [0x0000000701000000,0x0000000701002000,0x0000000709000000)
 Metaspace       used 15342K, capacity 15523K, committed 15744K, reserved 1062912K
  class space    used 1528K, capacity 1591K, committed 1664K, reserved 1048576K
}
Event: 4.274 GC heap before
{Heap before GC invocations=2 (full 0):
 PSYoungGen      total 57344K, used 55306K [0x0000000780580000, 0x0000000784580000, 0x00000007c0000000)
  eden space 49152K, 99% used [0x0000000780580000,0x0000000783569188,0x0000000783580000)
  from space 8192K, 76% used [0x0000000783580000,0x0000000783b99968,0x0000000783d80000)
  to   space 8192K, 0% used [0x0000000783d80000,0x0000000783d80000,0x0000000784580000)
 ParOldGen       total 131072K, used 8K [0x0000000701000000, 0x0000000709000000, 0x0000000780580000)
  object space 131072K, 0% used [0x0000000701000000,0x0000000701002000,0x0000000709000000)
 Metaspace       used 19060K, capacity 19245K, committed 19456K, reserved 1067008K
  class space    used 1900K, capacity 1976K, committed 2048K, reserved 1048576K
Event: 4.295 GC heap after
Heap after GC invocations=2 (full 0):
 PSYoungGen      total 57344K, used 8162K [0x0000000780580000, 0x0000000784580000, 0x00000007c0000000)
  eden space 49152K, 0% used [0x0000000780580000,0x0000000780580000,0x0000000783580000)
  from space 8192K, 99% used [0x0000000783d80000,0x0000000784578b60,0x0000000784580000)
  to   space 8192K, 0% used [0x0000000783580000,0x0000000783580000,0x0000000783d80000)
 ParOldGen       total 131072K, used 7987K [0x0000000701000000, 0x0000000709000000, 0x0000000780580000)
  object space 131072K, 6% used [0x0000000701000000,0x00000007017cccf8,0x0000000709000000)
 Metaspace       used 19060K, capacity 19245K, committed 19456K, reserved 1067008K
  class space    used 1900K, capacity 1976K, committed 2048K, reserved 1048576K
}
Event: 16.909 GC heap before
{Heap before GC invocations=3 (full 0):
 PSYoungGen      total 57344K, used 57314K [0x0000000780580000, 0x0000000784580000, 0x00000007c0000000)
  eden space 49152K, 100% used [0x0000000780580000,0x0000000783580000,0x0000000783580000)
  from space 8192K, 99% used [0x0000000783d80000,0x0000000784578b60,0x0000000784580000)
  to   space 8192K, 0% used [0x0000000783580000,0x0000000783580000,0x0000000783d80000)
 ParOldGen       total 131072K, used 7987K [0x0000000701000000, 0x0000000709000000, 0x0000000780580000)
  object space 131072K, 6% used [0x0000000701000000,0x00000007017cccf8,0x0000000709000000)
 Metaspace       used 19531K, capacity 19707K, committed 19968K, reserved 1067008K
  class space    used 1901K, capacity 1977K, committed 2048K, reserved 1048576K
Event: 16.925 GC heap after
Heap after GC invocations=3 (full 0):
 PSYoungGen      total 57344K, used 8178K [0x0000000780580000, 0x0000000784580000, 0x00000007c0000000)
  eden space 49152K, 0% used [0x0000000780580000,0x0000000780580000,0x0000000783580000)
  from space 8192K, 99% used [0x0000000783580000,0x0000000783d7cb80,0x0000000783d80000)
  to   space 8192K, 0% used [0x0000000783d80000,0x0000000783d80000,0x0000000784580000)
 ParOldGen       total 131072K, used 8447K [0x0000000701000000, 0x0000000709000000, 0x0000000780580000)
  object space 131072K, 6% used [0x0000000701000000,0x000000070183fd18,0x0000000709000000)
 Metaspace       used 19531K, capacity 19707K, committed 19968K, reserved 1067008K
  class space    used 1901K, capacity 1977K, committed 2048K, reserved 1048576K
}
Event: 34.872 GC heap before
{Heap before GC invocations=4 (full 0):
 PSYoungGen      total 57344K, used 57330K [0x0000000780580000, 0x0000000784580000, 0x00000007c0000000)
  eden space 49152K, 100% used [0x0000000780580000,0x0000000783580000,0x0000000783580000)
  from space 8192K, 99% used [0x0000000783580000,0x0000000783d7cb80,0x0000000783d80000)
  to   space 8192K, 0% used [0x0000000783d80000,0x0000000783d80000,0x0000000784580000)
 ParOldGen       total 131072K, used 8447K [0x0000000701000000, 0x0000000709000000, 0x0000000780580000)
  object space 131072K, 6% used [0x0000000701000000,0x000000070183fd18,0x0000000709000000)
 Metaspace       used 19532K, capacity 19707K, committed 19968K, reserved 1067008K
  class space    used 1901K, capacity 1977K, committed 2048K, reserved 1048576K
Event: 34.887 GC heap after
Heap after GC invocations=4 (full 0):
 PSYoungGen      total 57344K, used 8162K [0x0000000780580000, 0x0000000784580000, 0x00000007c0000000)
  eden space 49152K, 0% used [0x0000000780580000,0x0000000780580000,0x0000000783580000)
  from space 8192K, 99% used [0x0000000783d80000,0x0000000784578b70,0x0000000784580000)
  to   space 8192K, 0% used [0x0000000783580000,0x0000000783580000,0x0000000783d80000)
 ParOldGen       total 131072K, used 8495K [0x0000000701000000, 0x0000000709000000, 0x0000000780580000)
  object space 131072K, 6% used [0x0000000701000000,0x000000070184bd18,0x0000000709000000)
 Metaspace       used 19532K, capacity 19707K, committed 19968K, reserved 1067008K
  class space    used 1901K, capacity 1977K, committed 2048K, reserved 1048576K
}
Event: 48.727 GC heap before
{Heap before GC invocations=5 (full 0):
 PSYoungGen      total 57344K, used 57314K [0x0000000780580000, 0x0000000784580000, 0x00000007c0000000)
  eden space 49152K, 100% used [0x0000000780580000,0x0000000783580000,0x0000000783580000)
  from space 8192K, 99% used [0x0000000783d80000,0x0000000784578b70,0x0000000784580000)
  to   space 8192K, 0% used [0x0000000783580000,0x0000000783580000,0x0000000783d80000)
 ParOldGen       total 131072K, used 8495K [0x0000000701000000, 0x0000000709000000, 0x0000000780580000)
  object space 131072K, 6% used [0x0000000701000000,0x000000070184bd18,0x0000000709000000)
 Metaspace       used 19533K, capacity 19707K, committed 19968K, reserved 1067008K
  class space    used 1901K, capacity 1977K, committed 2048K, reserved 1048576K
Event: 48.737 GC heap after
Heap after GC invocations=5 (full 0):
 PSYoungGen      total 56320K, used 8178K [0x0000000780580000, 0x0000000785280000, 0x00000007c0000000)
  eden space 48128K, 0% used [0x0000000780580000,0x0000000780580000,0x0000000783480000)
  from space 8192K, 99% used [0x0000000783580000,0x0000000783d7cb60,0x0000000783d80000)
  to   space 15360K, 0% used [0x0000000784380000,0x0000000784380000,0x0000000785280000)
 ParOldGen       total 131072K, used 8527K [0x0000000701000000, 0x0000000709000000, 0x0000000780580000)
  object space 131072K, 6% used [0x0000000701000000,0x0000000701853d18,0x0000000709000000)
 Metaspace       used 19533K, capacity 19707K, committed 19968K, reserved 1067008K
  class space    used 1901K, capacity 1977K, committed 2048K, reserved 1048576K
}

